Created by PLY version 3.11 (http://www.dabeaz.com/ply)

Grammar

Rule 0     S' -> program
Rule 1     program -> DECLARE declarations BEGIN commands END
Rule 2     program -> BEGIN commands END
Rule 3     declarations -> declarations COMMA pidentifier
Rule 4     declarations -> declarations COMMA pidentifier LEFT_BRACKET NUM COLON NUM RIGHT_BRACKET
Rule 5     declarations -> pidentifier
Rule 6     declarations -> pidentifier LEFT_BRACKET NUM COLON NUM RIGHT_BRACKET
Rule 7     commands -> commands command
Rule 8     commands -> command
Rule 9     command -> READ identifier SEMICOLON
Rule 10    command -> identifier ASSIGNMENT expression SEMICOLON
Rule 11    command -> FOR for_occured pidentifier get_pidentifier FROM value first_value DOWNTO value second_value DO do_occured commands ENDFOR
Rule 12    command -> FOR for_occured pidentifier get_pidentifier FROM value first_value TO value second_value DO do_occured commands ENDFOR
Rule 13    first_value -> <empty>
Rule 14    second_value -> <empty>
Rule 15    get_pidentifier -> <empty>
Rule 16    do_occured -> <empty>
Rule 17    for_occured -> <empty>
Rule 18    command -> REPEAT repeat_occured commands UNTIL condition SEMICOLON
Rule 19    repeat_occured -> <empty>
Rule 20    command -> WHILE while_occured condition DO commands ENDWHILE
Rule 21    while_occured -> <empty>
Rule 22    command -> IF if_occured condition THEN commands ELSE else_occured commands ENDIF
Rule 23    else_occured -> <empty>
Rule 24    command -> IF if_occured condition THEN commands ENDIF
Rule 25    if_occured -> <empty>
Rule 26    command -> WRITE value SEMICOLON
Rule 27    expression -> value
Rule 28    expression -> value ADD value
Rule 29    expression -> value SUB value
Rule 30    expression -> value MUL value
Rule 31    expression -> value DIV value
Rule 32    expression -> value MOD value
Rule 33    condition -> value EQUALS value
Rule 34    condition -> value NOT_EQUALS value
Rule 35    condition -> value LOWER value
Rule 36    condition -> value GREATER value
Rule 37    condition -> value LEQ value
Rule 38    condition -> value GEQ value
Rule 39    value -> NUM
Rule 40    value -> identifier
Rule 41    identifier -> pidentifier
Rule 42    identifier -> pidentifier LEFT_BRACKET pidentifier RIGHT_BRACKET
Rule 43    identifier -> pidentifier LEFT_BRACKET NUM RIGHT_BRACKET

Terminals, with rules where they appear

ADD                  : 28
ASSIGNMENT           : 10
BEGIN                : 1 2
COLON                : 4 6
COMMA                : 3 4
DECLARE              : 1
DIV                  : 31
DO                   : 11 12 20
DOWNTO               : 11
ELSE                 : 22
END                  : 1 2
ENDFOR               : 11 12
ENDIF                : 22 24
ENDWHILE             : 20
EQUALS               : 33
FOR                  : 11 12
FROM                 : 11 12
GEQ                  : 38
GREATER              : 36
IF                   : 22 24
LEFT_BRACKET         : 4 6 42 43
LEQ                  : 37
LOWER                : 35
MOD                  : 32
MUL                  : 30
NOT_EQUALS           : 34
NUM                  : 4 4 6 6 39 43
READ                 : 9
REPEAT               : 18
RIGHT_BRACKET        : 4 6 42 43
SEMICOLON            : 9 10 18 26
SUB                  : 29
THEN                 : 22 24
TO                   : 12
UNTIL                : 18
WHILE                : 20
WRITE                : 26
error                : 
pidentifier          : 3 4 5 6 11 12 41 42 42 43

Nonterminals, with rules where they appear

command              : 7 8
commands             : 1 2 7 11 12 18 20 22 22 24
condition            : 18 20 22 24
declarations         : 1 3 4
do_occured           : 11 12
else_occured         : 22
expression           : 10
first_value          : 11 12
for_occured          : 11 12
get_pidentifier      : 11 12
identifier           : 9 10 40
if_occured           : 22 24
program              : 0
repeat_occured       : 18
second_value         : 11 12
value                : 11 11 12 12 26 27 28 28 29 29 30 30 31 31 32 32 33 33 34 34 35 35 36 36 37 37 38 38
while_occured        : 20

Parsing method: LALR

state 0

    (0) S' -> . program
    (1) program -> . DECLARE declarations BEGIN commands END
    (2) program -> . BEGIN commands END

    DECLARE         shift and go to state 2
    BEGIN           shift and go to state 3

    program                        shift and go to state 1

state 1

    (0) S' -> program .



state 2

    (1) program -> DECLARE . declarations BEGIN commands END
    (3) declarations -> . declarations COMMA pidentifier
    (4) declarations -> . declarations COMMA pidentifier LEFT_BRACKET NUM COLON NUM RIGHT_BRACKET
    (5) declarations -> . pidentifier
    (6) declarations -> . pidentifier LEFT_BRACKET NUM COLON NUM RIGHT_BRACKET

    pidentifier     shift and go to state 5

    declarations                   shift and go to state 4

state 3

    (2) program -> BEGIN . commands END
    (7) commands -> . commands command
    (8) commands -> . command
    (9) command -> . READ identifier SEMICOLON
    (10) command -> . identifier ASSIGNMENT expression SEMICOLON
    (11) command -> . FOR for_occured pidentifier get_pidentifier FROM value first_value DOWNTO value second_value DO do_occured commands ENDFOR
    (12) command -> . FOR for_occured pidentifier get_pidentifier FROM value first_value TO value second_value DO do_occured commands ENDFOR
    (18) command -> . REPEAT repeat_occured commands UNTIL condition SEMICOLON
    (20) command -> . WHILE while_occured condition DO commands ENDWHILE
    (22) command -> . IF if_occured condition THEN commands ELSE else_occured commands ENDIF
    (24) command -> . IF if_occured condition THEN commands ENDIF
    (26) command -> . WRITE value SEMICOLON
    (41) identifier -> . pidentifier
    (42) identifier -> . pidentifier LEFT_BRACKET pidentifier RIGHT_BRACKET
    (43) identifier -> . pidentifier LEFT_BRACKET NUM RIGHT_BRACKET

    READ            shift and go to state 8
    FOR             shift and go to state 10
    REPEAT          shift and go to state 12
    WHILE           shift and go to state 13
    IF              shift and go to state 14
    WRITE           shift and go to state 15
    pidentifier     shift and go to state 11

    commands                       shift and go to state 6
    command                        shift and go to state 7
    identifier                     shift and go to state 9

state 4

    (1) program -> DECLARE declarations . BEGIN commands END
    (3) declarations -> declarations . COMMA pidentifier
    (4) declarations -> declarations . COMMA pidentifier LEFT_BRACKET NUM COLON NUM RIGHT_BRACKET

    BEGIN           shift and go to state 16
    COMMA           shift and go to state 17


state 5

    (5) declarations -> pidentifier .
    (6) declarations -> pidentifier . LEFT_BRACKET NUM COLON NUM RIGHT_BRACKET

    BEGIN           reduce using rule 5 (declarations -> pidentifier .)
    COMMA           reduce using rule 5 (declarations -> pidentifier .)
    LEFT_BRACKET    shift and go to state 18


state 6

    (2) program -> BEGIN commands . END
    (7) commands -> commands . command
    (9) command -> . READ identifier SEMICOLON
    (10) command -> . identifier ASSIGNMENT expression SEMICOLON
    (11) command -> . FOR for_occured pidentifier get_pidentifier FROM value first_value DOWNTO value second_value DO do_occured commands ENDFOR
    (12) command -> . FOR for_occured pidentifier get_pidentifier FROM value first_value TO value second_value DO do_occured commands ENDFOR
    (18) command -> . REPEAT repeat_occured commands UNTIL condition SEMICOLON
    (20) command -> . WHILE while_occured condition DO commands ENDWHILE
    (22) command -> . IF if_occured condition THEN commands ELSE else_occured commands ENDIF
    (24) command -> . IF if_occured condition THEN commands ENDIF
    (26) command -> . WRITE value SEMICOLON
    (41) identifier -> . pidentifier
    (42) identifier -> . pidentifier LEFT_BRACKET pidentifier RIGHT_BRACKET
    (43) identifier -> . pidentifier LEFT_BRACKET NUM RIGHT_BRACKET

    END             shift and go to state 19
    READ            shift and go to state 8
    FOR             shift and go to state 10
    REPEAT          shift and go to state 12
    WHILE           shift and go to state 13
    IF              shift and go to state 14
    WRITE           shift and go to state 15
    pidentifier     shift and go to state 11

    command                        shift and go to state 20
    identifier                     shift and go to state 9

state 7

    (8) commands -> command .

    END             reduce using rule 8 (commands -> command .)
    READ            reduce using rule 8 (commands -> command .)
    FOR             reduce using rule 8 (commands -> command .)
    REPEAT          reduce using rule 8 (commands -> command .)
    WHILE           reduce using rule 8 (commands -> command .)
    IF              reduce using rule 8 (commands -> command .)
    WRITE           reduce using rule 8 (commands -> command .)
    pidentifier     reduce using rule 8 (commands -> command .)
    UNTIL           reduce using rule 8 (commands -> command .)
    ENDWHILE        reduce using rule 8 (commands -> command .)
    ELSE            reduce using rule 8 (commands -> command .)
    ENDIF           reduce using rule 8 (commands -> command .)
    ENDFOR          reduce using rule 8 (commands -> command .)


state 8

    (9) command -> READ . identifier SEMICOLON
    (41) identifier -> . pidentifier
    (42) identifier -> . pidentifier LEFT_BRACKET pidentifier RIGHT_BRACKET
    (43) identifier -> . pidentifier LEFT_BRACKET NUM RIGHT_BRACKET

    pidentifier     shift and go to state 11

    identifier                     shift and go to state 21

state 9

    (10) command -> identifier . ASSIGNMENT expression SEMICOLON

    ASSIGNMENT      shift and go to state 22


state 10

    (11) command -> FOR . for_occured pidentifier get_pidentifier FROM value first_value DOWNTO value second_value DO do_occured commands ENDFOR
    (12) command -> FOR . for_occured pidentifier get_pidentifier FROM value first_value TO value second_value DO do_occured commands ENDFOR
    (17) for_occured -> .

    pidentifier     reduce using rule 17 (for_occured -> .)

    for_occured                    shift and go to state 23

state 11

    (41) identifier -> pidentifier .
    (42) identifier -> pidentifier . LEFT_BRACKET pidentifier RIGHT_BRACKET
    (43) identifier -> pidentifier . LEFT_BRACKET NUM RIGHT_BRACKET

    ASSIGNMENT      reduce using rule 41 (identifier -> pidentifier .)
    SEMICOLON       reduce using rule 41 (identifier -> pidentifier .)
    ADD             reduce using rule 41 (identifier -> pidentifier .)
    SUB             reduce using rule 41 (identifier -> pidentifier .)
    MUL             reduce using rule 41 (identifier -> pidentifier .)
    DIV             reduce using rule 41 (identifier -> pidentifier .)
    MOD             reduce using rule 41 (identifier -> pidentifier .)
    EQUALS          reduce using rule 41 (identifier -> pidentifier .)
    NOT_EQUALS      reduce using rule 41 (identifier -> pidentifier .)
    LOWER           reduce using rule 41 (identifier -> pidentifier .)
    GREATER         reduce using rule 41 (identifier -> pidentifier .)
    LEQ             reduce using rule 41 (identifier -> pidentifier .)
    GEQ             reduce using rule 41 (identifier -> pidentifier .)
    DO              reduce using rule 41 (identifier -> pidentifier .)
    THEN            reduce using rule 41 (identifier -> pidentifier .)
    DOWNTO          reduce using rule 41 (identifier -> pidentifier .)
    TO              reduce using rule 41 (identifier -> pidentifier .)
    LEFT_BRACKET    shift and go to state 24


state 12

    (18) command -> REPEAT . repeat_occured commands UNTIL condition SEMICOLON
    (19) repeat_occured -> .

    READ            reduce using rule 19 (repeat_occured -> .)
    FOR             reduce using rule 19 (repeat_occured -> .)
    REPEAT          reduce using rule 19 (repeat_occured -> .)
    WHILE           reduce using rule 19 (repeat_occured -> .)
    IF              reduce using rule 19 (repeat_occured -> .)
    WRITE           reduce using rule 19 (repeat_occured -> .)
    pidentifier     reduce using rule 19 (repeat_occured -> .)

    repeat_occured                 shift and go to state 25

state 13

    (20) command -> WHILE . while_occured condition DO commands ENDWHILE
    (21) while_occured -> .

    NUM             reduce using rule 21 (while_occured -> .)
    pidentifier     reduce using rule 21 (while_occured -> .)

    while_occured                  shift and go to state 26

state 14

    (22) command -> IF . if_occured condition THEN commands ELSE else_occured commands ENDIF
    (24) command -> IF . if_occured condition THEN commands ENDIF
    (25) if_occured -> .

    NUM             reduce using rule 25 (if_occured -> .)
    pidentifier     reduce using rule 25 (if_occured -> .)

    if_occured                     shift and go to state 27

state 15

    (26) command -> WRITE . value SEMICOLON
    (39) value -> . NUM
    (40) value -> . identifier
    (41) identifier -> . pidentifier
    (42) identifier -> . pidentifier LEFT_BRACKET pidentifier RIGHT_BRACKET
    (43) identifier -> . pidentifier LEFT_BRACKET NUM RIGHT_BRACKET

    NUM             shift and go to state 29
    pidentifier     shift and go to state 11

    value                          shift and go to state 28
    identifier                     shift and go to state 30

state 16

    (1) program -> DECLARE declarations BEGIN . commands END
    (7) commands -> . commands command
    (8) commands -> . command
    (9) command -> . READ identifier SEMICOLON
    (10) command -> . identifier ASSIGNMENT expression SEMICOLON
    (11) command -> . FOR for_occured pidentifier get_pidentifier FROM value first_value DOWNTO value second_value DO do_occured commands ENDFOR
    (12) command -> . FOR for_occured pidentifier get_pidentifier FROM value first_value TO value second_value DO do_occured commands ENDFOR
    (18) command -> . REPEAT repeat_occured commands UNTIL condition SEMICOLON
    (20) command -> . WHILE while_occured condition DO commands ENDWHILE
    (22) command -> . IF if_occured condition THEN commands ELSE else_occured commands ENDIF
    (24) command -> . IF if_occured condition THEN commands ENDIF
    (26) command -> . WRITE value SEMICOLON
    (41) identifier -> . pidentifier
    (42) identifier -> . pidentifier LEFT_BRACKET pidentifier RIGHT_BRACKET
    (43) identifier -> . pidentifier LEFT_BRACKET NUM RIGHT_BRACKET

    READ            shift and go to state 8
    FOR             shift and go to state 10
    REPEAT          shift and go to state 12
    WHILE           shift and go to state 13
    IF              shift and go to state 14
    WRITE           shift and go to state 15
    pidentifier     shift and go to state 11

    commands                       shift and go to state 31
    command                        shift and go to state 7
    identifier                     shift and go to state 9

state 17

    (3) declarations -> declarations COMMA . pidentifier
    (4) declarations -> declarations COMMA . pidentifier LEFT_BRACKET NUM COLON NUM RIGHT_BRACKET

    pidentifier     shift and go to state 32


state 18

    (6) declarations -> pidentifier LEFT_BRACKET . NUM COLON NUM RIGHT_BRACKET

    NUM             shift and go to state 33


state 19

    (2) program -> BEGIN commands END .

    $end            reduce using rule 2 (program -> BEGIN commands END .)


state 20

    (7) commands -> commands command .

    END             reduce using rule 7 (commands -> commands command .)
    READ            reduce using rule 7 (commands -> commands command .)
    FOR             reduce using rule 7 (commands -> commands command .)
    REPEAT          reduce using rule 7 (commands -> commands command .)
    WHILE           reduce using rule 7 (commands -> commands command .)
    IF              reduce using rule 7 (commands -> commands command .)
    WRITE           reduce using rule 7 (commands -> commands command .)
    pidentifier     reduce using rule 7 (commands -> commands command .)
    UNTIL           reduce using rule 7 (commands -> commands command .)
    ENDWHILE        reduce using rule 7 (commands -> commands command .)
    ELSE            reduce using rule 7 (commands -> commands command .)
    ENDIF           reduce using rule 7 (commands -> commands command .)
    ENDFOR          reduce using rule 7 (commands -> commands command .)


state 21

    (9) command -> READ identifier . SEMICOLON

    SEMICOLON       shift and go to state 34


state 22

    (10) command -> identifier ASSIGNMENT . expression SEMICOLON
    (27) expression -> . value
    (28) expression -> . value ADD value
    (29) expression -> . value SUB value
    (30) expression -> . value MUL value
    (31) expression -> . value DIV value
    (32) expression -> . value MOD value
    (39) value -> . NUM
    (40) value -> . identifier
    (41) identifier -> . pidentifier
    (42) identifier -> . pidentifier LEFT_BRACKET pidentifier RIGHT_BRACKET
    (43) identifier -> . pidentifier LEFT_BRACKET NUM RIGHT_BRACKET

    NUM             shift and go to state 29
    pidentifier     shift and go to state 11

    identifier                     shift and go to state 30
    expression                     shift and go to state 35
    value                          shift and go to state 36

state 23

    (11) command -> FOR for_occured . pidentifier get_pidentifier FROM value first_value DOWNTO value second_value DO do_occured commands ENDFOR
    (12) command -> FOR for_occured . pidentifier get_pidentifier FROM value first_value TO value second_value DO do_occured commands ENDFOR

    pidentifier     shift and go to state 37


state 24

    (42) identifier -> pidentifier LEFT_BRACKET . pidentifier RIGHT_BRACKET
    (43) identifier -> pidentifier LEFT_BRACKET . NUM RIGHT_BRACKET

    pidentifier     shift and go to state 38
    NUM             shift and go to state 39


state 25

    (18) command -> REPEAT repeat_occured . commands UNTIL condition SEMICOLON
    (7) commands -> . commands command
    (8) commands -> . command
    (9) command -> . READ identifier SEMICOLON
    (10) command -> . identifier ASSIGNMENT expression SEMICOLON
    (11) command -> . FOR for_occured pidentifier get_pidentifier FROM value first_value DOWNTO value second_value DO do_occured commands ENDFOR
    (12) command -> . FOR for_occured pidentifier get_pidentifier FROM value first_value TO value second_value DO do_occured commands ENDFOR
    (18) command -> . REPEAT repeat_occured commands UNTIL condition SEMICOLON
    (20) command -> . WHILE while_occured condition DO commands ENDWHILE
    (22) command -> . IF if_occured condition THEN commands ELSE else_occured commands ENDIF
    (24) command -> . IF if_occured condition THEN commands ENDIF
    (26) command -> . WRITE value SEMICOLON
    (41) identifier -> . pidentifier
    (42) identifier -> . pidentifier LEFT_BRACKET pidentifier RIGHT_BRACKET
    (43) identifier -> . pidentifier LEFT_BRACKET NUM RIGHT_BRACKET

    READ            shift and go to state 8
    FOR             shift and go to state 10
    REPEAT          shift and go to state 12
    WHILE           shift and go to state 13
    IF              shift and go to state 14
    WRITE           shift and go to state 15
    pidentifier     shift and go to state 11

    commands                       shift and go to state 40
    command                        shift and go to state 7
    identifier                     shift and go to state 9

state 26

    (20) command -> WHILE while_occured . condition DO commands ENDWHILE
    (33) condition -> . value EQUALS value
    (34) condition -> . value NOT_EQUALS value
    (35) condition -> . value LOWER value
    (36) condition -> . value GREATER value
    (37) condition -> . value LEQ value
    (38) condition -> . value GEQ value
    (39) value -> . NUM
    (40) value -> . identifier
    (41) identifier -> . pidentifier
    (42) identifier -> . pidentifier LEFT_BRACKET pidentifier RIGHT_BRACKET
    (43) identifier -> . pidentifier LEFT_BRACKET NUM RIGHT_BRACKET

    NUM             shift and go to state 29
    pidentifier     shift and go to state 11

    condition                      shift and go to state 41
    value                          shift and go to state 42
    identifier                     shift and go to state 30

state 27

    (22) command -> IF if_occured . condition THEN commands ELSE else_occured commands ENDIF
    (24) command -> IF if_occured . condition THEN commands ENDIF
    (33) condition -> . value EQUALS value
    (34) condition -> . value NOT_EQUALS value
    (35) condition -> . value LOWER value
    (36) condition -> . value GREATER value
    (37) condition -> . value LEQ value
    (38) condition -> . value GEQ value
    (39) value -> . NUM
    (40) value -> . identifier
    (41) identifier -> . pidentifier
    (42) identifier -> . pidentifier LEFT_BRACKET pidentifier RIGHT_BRACKET
    (43) identifier -> . pidentifier LEFT_BRACKET NUM RIGHT_BRACKET

    NUM             shift and go to state 29
    pidentifier     shift and go to state 11

    condition                      shift and go to state 43
    value                          shift and go to state 42
    identifier                     shift and go to state 30

state 28

    (26) command -> WRITE value . SEMICOLON

    SEMICOLON       shift and go to state 44


state 29

    (39) value -> NUM .

    SEMICOLON       reduce using rule 39 (value -> NUM .)
    ADD             reduce using rule 39 (value -> NUM .)
    SUB             reduce using rule 39 (value -> NUM .)
    MUL             reduce using rule 39 (value -> NUM .)
    DIV             reduce using rule 39 (value -> NUM .)
    MOD             reduce using rule 39 (value -> NUM .)
    EQUALS          reduce using rule 39 (value -> NUM .)
    NOT_EQUALS      reduce using rule 39 (value -> NUM .)
    LOWER           reduce using rule 39 (value -> NUM .)
    GREATER         reduce using rule 39 (value -> NUM .)
    LEQ             reduce using rule 39 (value -> NUM .)
    GEQ             reduce using rule 39 (value -> NUM .)
    DO              reduce using rule 39 (value -> NUM .)
    THEN            reduce using rule 39 (value -> NUM .)
    DOWNTO          reduce using rule 39 (value -> NUM .)
    TO              reduce using rule 39 (value -> NUM .)


state 30

    (40) value -> identifier .

    SEMICOLON       reduce using rule 40 (value -> identifier .)
    ADD             reduce using rule 40 (value -> identifier .)
    SUB             reduce using rule 40 (value -> identifier .)
    MUL             reduce using rule 40 (value -> identifier .)
    DIV             reduce using rule 40 (value -> identifier .)
    MOD             reduce using rule 40 (value -> identifier .)
    EQUALS          reduce using rule 40 (value -> identifier .)
    NOT_EQUALS      reduce using rule 40 (value -> identifier .)
    LOWER           reduce using rule 40 (value -> identifier .)
    GREATER         reduce using rule 40 (value -> identifier .)
    LEQ             reduce using rule 40 (value -> identifier .)
    GEQ             reduce using rule 40 (value -> identifier .)
    DO              reduce using rule 40 (value -> identifier .)
    THEN            reduce using rule 40 (value -> identifier .)
    DOWNTO          reduce using rule 40 (value -> identifier .)
    TO              reduce using rule 40 (value -> identifier .)


state 31

    (1) program -> DECLARE declarations BEGIN commands . END
    (7) commands -> commands . command
    (9) command -> . READ identifier SEMICOLON
    (10) command -> . identifier ASSIGNMENT expression SEMICOLON
    (11) command -> . FOR for_occured pidentifier get_pidentifier FROM value first_value DOWNTO value second_value DO do_occured commands ENDFOR
    (12) command -> . FOR for_occured pidentifier get_pidentifier FROM value first_value TO value second_value DO do_occured commands ENDFOR
    (18) command -> . REPEAT repeat_occured commands UNTIL condition SEMICOLON
    (20) command -> . WHILE while_occured condition DO commands ENDWHILE
    (22) command -> . IF if_occured condition THEN commands ELSE else_occured commands ENDIF
    (24) command -> . IF if_occured condition THEN commands ENDIF
    (26) command -> . WRITE value SEMICOLON
    (41) identifier -> . pidentifier
    (42) identifier -> . pidentifier LEFT_BRACKET pidentifier RIGHT_BRACKET
    (43) identifier -> . pidentifier LEFT_BRACKET NUM RIGHT_BRACKET

    END             shift and go to state 45
    READ            shift and go to state 8
    FOR             shift and go to state 10
    REPEAT          shift and go to state 12
    WHILE           shift and go to state 13
    IF              shift and go to state 14
    WRITE           shift and go to state 15
    pidentifier     shift and go to state 11

    command                        shift and go to state 20
    identifier                     shift and go to state 9

state 32

    (3) declarations -> declarations COMMA pidentifier .
    (4) declarations -> declarations COMMA pidentifier . LEFT_BRACKET NUM COLON NUM RIGHT_BRACKET

    BEGIN           reduce using rule 3 (declarations -> declarations COMMA pidentifier .)
    COMMA           reduce using rule 3 (declarations -> declarations COMMA pidentifier .)
    LEFT_BRACKET    shift and go to state 46


state 33

    (6) declarations -> pidentifier LEFT_BRACKET NUM . COLON NUM RIGHT_BRACKET

    COLON           shift and go to state 47


state 34

    (9) command -> READ identifier SEMICOLON .

    END             reduce using rule 9 (command -> READ identifier SEMICOLON .)
    READ            reduce using rule 9 (command -> READ identifier SEMICOLON .)
    FOR             reduce using rule 9 (command -> READ identifier SEMICOLON .)
    REPEAT          reduce using rule 9 (command -> READ identifier SEMICOLON .)
    WHILE           reduce using rule 9 (command -> READ identifier SEMICOLON .)
    IF              reduce using rule 9 (command -> READ identifier SEMICOLON .)
    WRITE           reduce using rule 9 (command -> READ identifier SEMICOLON .)
    pidentifier     reduce using rule 9 (command -> READ identifier SEMICOLON .)
    UNTIL           reduce using rule 9 (command -> READ identifier SEMICOLON .)
    ENDWHILE        reduce using rule 9 (command -> READ identifier SEMICOLON .)
    ELSE            reduce using rule 9 (command -> READ identifier SEMICOLON .)
    ENDIF           reduce using rule 9 (command -> READ identifier SEMICOLON .)
    ENDFOR          reduce using rule 9 (command -> READ identifier SEMICOLON .)


state 35

    (10) command -> identifier ASSIGNMENT expression . SEMICOLON

    SEMICOLON       shift and go to state 48


state 36

    (27) expression -> value .
    (28) expression -> value . ADD value
    (29) expression -> value . SUB value
    (30) expression -> value . MUL value
    (31) expression -> value . DIV value
    (32) expression -> value . MOD value

    SEMICOLON       reduce using rule 27 (expression -> value .)
    ADD             shift and go to state 49
    SUB             shift and go to state 50
    MUL             shift and go to state 51
    DIV             shift and go to state 52
    MOD             shift and go to state 53


state 37

    (11) command -> FOR for_occured pidentifier . get_pidentifier FROM value first_value DOWNTO value second_value DO do_occured commands ENDFOR
    (12) command -> FOR for_occured pidentifier . get_pidentifier FROM value first_value TO value second_value DO do_occured commands ENDFOR
    (15) get_pidentifier -> .

    FROM            reduce using rule 15 (get_pidentifier -> .)

    get_pidentifier                shift and go to state 54

state 38

    (42) identifier -> pidentifier LEFT_BRACKET pidentifier . RIGHT_BRACKET

    RIGHT_BRACKET   shift and go to state 55


state 39

    (43) identifier -> pidentifier LEFT_BRACKET NUM . RIGHT_BRACKET

    RIGHT_BRACKET   shift and go to state 56


state 40

    (18) command -> REPEAT repeat_occured commands . UNTIL condition SEMICOLON
    (7) commands -> commands . command
    (9) command -> . READ identifier SEMICOLON
    (10) command -> . identifier ASSIGNMENT expression SEMICOLON
    (11) command -> . FOR for_occured pidentifier get_pidentifier FROM value first_value DOWNTO value second_value DO do_occured commands ENDFOR
    (12) command -> . FOR for_occured pidentifier get_pidentifier FROM value first_value TO value second_value DO do_occured commands ENDFOR
    (18) command -> . REPEAT repeat_occured commands UNTIL condition SEMICOLON
    (20) command -> . WHILE while_occured condition DO commands ENDWHILE
    (22) command -> . IF if_occured condition THEN commands ELSE else_occured commands ENDIF
    (24) command -> . IF if_occured condition THEN commands ENDIF
    (26) command -> . WRITE value SEMICOLON
    (41) identifier -> . pidentifier
    (42) identifier -> . pidentifier LEFT_BRACKET pidentifier RIGHT_BRACKET
    (43) identifier -> . pidentifier LEFT_BRACKET NUM RIGHT_BRACKET

    UNTIL           shift and go to state 57
    READ            shift and go to state 8
    FOR             shift and go to state 10
    REPEAT          shift and go to state 12
    WHILE           shift and go to state 13
    IF              shift and go to state 14
    WRITE           shift and go to state 15
    pidentifier     shift and go to state 11

    command                        shift and go to state 20
    identifier                     shift and go to state 9

state 41

    (20) command -> WHILE while_occured condition . DO commands ENDWHILE

    DO              shift and go to state 58


state 42

    (33) condition -> value . EQUALS value
    (34) condition -> value . NOT_EQUALS value
    (35) condition -> value . LOWER value
    (36) condition -> value . GREATER value
    (37) condition -> value . LEQ value
    (38) condition -> value . GEQ value

    EQUALS          shift and go to state 59
    NOT_EQUALS      shift and go to state 60
    LOWER           shift and go to state 61
    GREATER         shift and go to state 62
    LEQ             shift and go to state 63
    GEQ             shift and go to state 64


state 43

    (22) command -> IF if_occured condition . THEN commands ELSE else_occured commands ENDIF
    (24) command -> IF if_occured condition . THEN commands ENDIF

    THEN            shift and go to state 65


state 44

    (26) command -> WRITE value SEMICOLON .

    END             reduce using rule 26 (command -> WRITE value SEMICOLON .)
    READ            reduce using rule 26 (command -> WRITE value SEMICOLON .)
    FOR             reduce using rule 26 (command -> WRITE value SEMICOLON .)
    REPEAT          reduce using rule 26 (command -> WRITE value SEMICOLON .)
    WHILE           reduce using rule 26 (command -> WRITE value SEMICOLON .)
    IF              reduce using rule 26 (command -> WRITE value SEMICOLON .)
    WRITE           reduce using rule 26 (command -> WRITE value SEMICOLON .)
    pidentifier     reduce using rule 26 (command -> WRITE value SEMICOLON .)
    UNTIL           reduce using rule 26 (command -> WRITE value SEMICOLON .)
    ENDWHILE        reduce using rule 26 (command -> WRITE value SEMICOLON .)
    ELSE            reduce using rule 26 (command -> WRITE value SEMICOLON .)
    ENDIF           reduce using rule 26 (command -> WRITE value SEMICOLON .)
    ENDFOR          reduce using rule 26 (command -> WRITE value SEMICOLON .)


state 45

    (1) program -> DECLARE declarations BEGIN commands END .

    $end            reduce using rule 1 (program -> DECLARE declarations BEGIN commands END .)


state 46

    (4) declarations -> declarations COMMA pidentifier LEFT_BRACKET . NUM COLON NUM RIGHT_BRACKET

    NUM             shift and go to state 66


state 47

    (6) declarations -> pidentifier LEFT_BRACKET NUM COLON . NUM RIGHT_BRACKET

    NUM             shift and go to state 67


state 48

    (10) command -> identifier ASSIGNMENT expression SEMICOLON .

    END             reduce using rule 10 (command -> identifier ASSIGNMENT expression SEMICOLON .)
    READ            reduce using rule 10 (command -> identifier ASSIGNMENT expression SEMICOLON .)
    FOR             reduce using rule 10 (command -> identifier ASSIGNMENT expression SEMICOLON .)
    REPEAT          reduce using rule 10 (command -> identifier ASSIGNMENT expression SEMICOLON .)
    WHILE           reduce using rule 10 (command -> identifier ASSIGNMENT expression SEMICOLON .)
    IF              reduce using rule 10 (command -> identifier ASSIGNMENT expression SEMICOLON .)
    WRITE           reduce using rule 10 (command -> identifier ASSIGNMENT expression SEMICOLON .)
    pidentifier     reduce using rule 10 (command -> identifier ASSIGNMENT expression SEMICOLON .)
    UNTIL           reduce using rule 10 (command -> identifier ASSIGNMENT expression SEMICOLON .)
    ENDWHILE        reduce using rule 10 (command -> identifier ASSIGNMENT expression SEMICOLON .)
    ELSE            reduce using rule 10 (command -> identifier ASSIGNMENT expression SEMICOLON .)
    ENDIF           reduce using rule 10 (command -> identifier ASSIGNMENT expression SEMICOLON .)
    ENDFOR          reduce using rule 10 (command -> identifier ASSIGNMENT expression SEMICOLON .)


state 49

    (28) expression -> value ADD . value
    (39) value -> . NUM
    (40) value -> . identifier
    (41) identifier -> . pidentifier
    (42) identifier -> . pidentifier LEFT_BRACKET pidentifier RIGHT_BRACKET
    (43) identifier -> . pidentifier LEFT_BRACKET NUM RIGHT_BRACKET

    NUM             shift and go to state 29
    pidentifier     shift and go to state 11

    value                          shift and go to state 68
    identifier                     shift and go to state 30

state 50

    (29) expression -> value SUB . value
    (39) value -> . NUM
    (40) value -> . identifier
    (41) identifier -> . pidentifier
    (42) identifier -> . pidentifier LEFT_BRACKET pidentifier RIGHT_BRACKET
    (43) identifier -> . pidentifier LEFT_BRACKET NUM RIGHT_BRACKET

    NUM             shift and go to state 29
    pidentifier     shift and go to state 11

    value                          shift and go to state 69
    identifier                     shift and go to state 30

state 51

    (30) expression -> value MUL . value
    (39) value -> . NUM
    (40) value -> . identifier
    (41) identifier -> . pidentifier
    (42) identifier -> . pidentifier LEFT_BRACKET pidentifier RIGHT_BRACKET
    (43) identifier -> . pidentifier LEFT_BRACKET NUM RIGHT_BRACKET

    NUM             shift and go to state 29
    pidentifier     shift and go to state 11

    value                          shift and go to state 70
    identifier                     shift and go to state 30

state 52

    (31) expression -> value DIV . value
    (39) value -> . NUM
    (40) value -> . identifier
    (41) identifier -> . pidentifier
    (42) identifier -> . pidentifier LEFT_BRACKET pidentifier RIGHT_BRACKET
    (43) identifier -> . pidentifier LEFT_BRACKET NUM RIGHT_BRACKET

    NUM             shift and go to state 29
    pidentifier     shift and go to state 11

    value                          shift and go to state 71
    identifier                     shift and go to state 30

state 53

    (32) expression -> value MOD . value
    (39) value -> . NUM
    (40) value -> . identifier
    (41) identifier -> . pidentifier
    (42) identifier -> . pidentifier LEFT_BRACKET pidentifier RIGHT_BRACKET
    (43) identifier -> . pidentifier LEFT_BRACKET NUM RIGHT_BRACKET

    NUM             shift and go to state 29
    pidentifier     shift and go to state 11

    value                          shift and go to state 72
    identifier                     shift and go to state 30

state 54

    (11) command -> FOR for_occured pidentifier get_pidentifier . FROM value first_value DOWNTO value second_value DO do_occured commands ENDFOR
    (12) command -> FOR for_occured pidentifier get_pidentifier . FROM value first_value TO value second_value DO do_occured commands ENDFOR

    FROM            shift and go to state 73


state 55

    (42) identifier -> pidentifier LEFT_BRACKET pidentifier RIGHT_BRACKET .

    ASSIGNMENT      reduce using rule 42 (identifier -> pidentifier LEFT_BRACKET pidentifier RIGHT_BRACKET .)
    SEMICOLON       reduce using rule 42 (identifier -> pidentifier LEFT_BRACKET pidentifier RIGHT_BRACKET .)
    ADD             reduce using rule 42 (identifier -> pidentifier LEFT_BRACKET pidentifier RIGHT_BRACKET .)
    SUB             reduce using rule 42 (identifier -> pidentifier LEFT_BRACKET pidentifier RIGHT_BRACKET .)
    MUL             reduce using rule 42 (identifier -> pidentifier LEFT_BRACKET pidentifier RIGHT_BRACKET .)
    DIV             reduce using rule 42 (identifier -> pidentifier LEFT_BRACKET pidentifier RIGHT_BRACKET .)
    MOD             reduce using rule 42 (identifier -> pidentifier LEFT_BRACKET pidentifier RIGHT_BRACKET .)
    EQUALS          reduce using rule 42 (identifier -> pidentifier LEFT_BRACKET pidentifier RIGHT_BRACKET .)
    NOT_EQUALS      reduce using rule 42 (identifier -> pidentifier LEFT_BRACKET pidentifier RIGHT_BRACKET .)
    LOWER           reduce using rule 42 (identifier -> pidentifier LEFT_BRACKET pidentifier RIGHT_BRACKET .)
    GREATER         reduce using rule 42 (identifier -> pidentifier LEFT_BRACKET pidentifier RIGHT_BRACKET .)
    LEQ             reduce using rule 42 (identifier -> pidentifier LEFT_BRACKET pidentifier RIGHT_BRACKET .)
    GEQ             reduce using rule 42 (identifier -> pidentifier LEFT_BRACKET pidentifier RIGHT_BRACKET .)
    DO              reduce using rule 42 (identifier -> pidentifier LEFT_BRACKET pidentifier RIGHT_BRACKET .)
    THEN            reduce using rule 42 (identifier -> pidentifier LEFT_BRACKET pidentifier RIGHT_BRACKET .)
    DOWNTO          reduce using rule 42 (identifier -> pidentifier LEFT_BRACKET pidentifier RIGHT_BRACKET .)
    TO              reduce using rule 42 (identifier -> pidentifier LEFT_BRACKET pidentifier RIGHT_BRACKET .)


state 56

    (43) identifier -> pidentifier LEFT_BRACKET NUM RIGHT_BRACKET .

    ASSIGNMENT      reduce using rule 43 (identifier -> pidentifier LEFT_BRACKET NUM RIGHT_BRACKET .)
    SEMICOLON       reduce using rule 43 (identifier -> pidentifier LEFT_BRACKET NUM RIGHT_BRACKET .)
    ADD             reduce using rule 43 (identifier -> pidentifier LEFT_BRACKET NUM RIGHT_BRACKET .)
    SUB             reduce using rule 43 (identifier -> pidentifier LEFT_BRACKET NUM RIGHT_BRACKET .)
    MUL             reduce using rule 43 (identifier -> pidentifier LEFT_BRACKET NUM RIGHT_BRACKET .)
    DIV             reduce using rule 43 (identifier -> pidentifier LEFT_BRACKET NUM RIGHT_BRACKET .)
    MOD             reduce using rule 43 (identifier -> pidentifier LEFT_BRACKET NUM RIGHT_BRACKET .)
    EQUALS          reduce using rule 43 (identifier -> pidentifier LEFT_BRACKET NUM RIGHT_BRACKET .)
    NOT_EQUALS      reduce using rule 43 (identifier -> pidentifier LEFT_BRACKET NUM RIGHT_BRACKET .)
    LOWER           reduce using rule 43 (identifier -> pidentifier LEFT_BRACKET NUM RIGHT_BRACKET .)
    GREATER         reduce using rule 43 (identifier -> pidentifier LEFT_BRACKET NUM RIGHT_BRACKET .)
    LEQ             reduce using rule 43 (identifier -> pidentifier LEFT_BRACKET NUM RIGHT_BRACKET .)
    GEQ             reduce using rule 43 (identifier -> pidentifier LEFT_BRACKET NUM RIGHT_BRACKET .)
    DO              reduce using rule 43 (identifier -> pidentifier LEFT_BRACKET NUM RIGHT_BRACKET .)
    THEN            reduce using rule 43 (identifier -> pidentifier LEFT_BRACKET NUM RIGHT_BRACKET .)
    DOWNTO          reduce using rule 43 (identifier -> pidentifier LEFT_BRACKET NUM RIGHT_BRACKET .)
    TO              reduce using rule 43 (identifier -> pidentifier LEFT_BRACKET NUM RIGHT_BRACKET .)


state 57

    (18) command -> REPEAT repeat_occured commands UNTIL . condition SEMICOLON
    (33) condition -> . value EQUALS value
    (34) condition -> . value NOT_EQUALS value
    (35) condition -> . value LOWER value
    (36) condition -> . value GREATER value
    (37) condition -> . value LEQ value
    (38) condition -> . value GEQ value
    (39) value -> . NUM
    (40) value -> . identifier
    (41) identifier -> . pidentifier
    (42) identifier -> . pidentifier LEFT_BRACKET pidentifier RIGHT_BRACKET
    (43) identifier -> . pidentifier LEFT_BRACKET NUM RIGHT_BRACKET

    NUM             shift and go to state 29
    pidentifier     shift and go to state 11

    condition                      shift and go to state 74
    value                          shift and go to state 42
    identifier                     shift and go to state 30

state 58

    (20) command -> WHILE while_occured condition DO . commands ENDWHILE
    (7) commands -> . commands command
    (8) commands -> . command
    (9) command -> . READ identifier SEMICOLON
    (10) command -> . identifier ASSIGNMENT expression SEMICOLON
    (11) command -> . FOR for_occured pidentifier get_pidentifier FROM value first_value DOWNTO value second_value DO do_occured commands ENDFOR
    (12) command -> . FOR for_occured pidentifier get_pidentifier FROM value first_value TO value second_value DO do_occured commands ENDFOR
    (18) command -> . REPEAT repeat_occured commands UNTIL condition SEMICOLON
    (20) command -> . WHILE while_occured condition DO commands ENDWHILE
    (22) command -> . IF if_occured condition THEN commands ELSE else_occured commands ENDIF
    (24) command -> . IF if_occured condition THEN commands ENDIF
    (26) command -> . WRITE value SEMICOLON
    (41) identifier -> . pidentifier
    (42) identifier -> . pidentifier LEFT_BRACKET pidentifier RIGHT_BRACKET
    (43) identifier -> . pidentifier LEFT_BRACKET NUM RIGHT_BRACKET

    READ            shift and go to state 8
    FOR             shift and go to state 10
    REPEAT          shift and go to state 12
    WHILE           shift and go to state 13
    IF              shift and go to state 14
    WRITE           shift and go to state 15
    pidentifier     shift and go to state 11

    commands                       shift and go to state 75
    command                        shift and go to state 7
    identifier                     shift and go to state 9

state 59

    (33) condition -> value EQUALS . value
    (39) value -> . NUM
    (40) value -> . identifier
    (41) identifier -> . pidentifier
    (42) identifier -> . pidentifier LEFT_BRACKET pidentifier RIGHT_BRACKET
    (43) identifier -> . pidentifier LEFT_BRACKET NUM RIGHT_BRACKET

    NUM             shift and go to state 29
    pidentifier     shift and go to state 11

    value                          shift and go to state 76
    identifier                     shift and go to state 30

state 60

    (34) condition -> value NOT_EQUALS . value
    (39) value -> . NUM
    (40) value -> . identifier
    (41) identifier -> . pidentifier
    (42) identifier -> . pidentifier LEFT_BRACKET pidentifier RIGHT_BRACKET
    (43) identifier -> . pidentifier LEFT_BRACKET NUM RIGHT_BRACKET

    NUM             shift and go to state 29
    pidentifier     shift and go to state 11

    value                          shift and go to state 77
    identifier                     shift and go to state 30

state 61

    (35) condition -> value LOWER . value
    (39) value -> . NUM
    (40) value -> . identifier
    (41) identifier -> . pidentifier
    (42) identifier -> . pidentifier LEFT_BRACKET pidentifier RIGHT_BRACKET
    (43) identifier -> . pidentifier LEFT_BRACKET NUM RIGHT_BRACKET

    NUM             shift and go to state 29
    pidentifier     shift and go to state 11

    value                          shift and go to state 78
    identifier                     shift and go to state 30

state 62

    (36) condition -> value GREATER . value
    (39) value -> . NUM
    (40) value -> . identifier
    (41) identifier -> . pidentifier
    (42) identifier -> . pidentifier LEFT_BRACKET pidentifier RIGHT_BRACKET
    (43) identifier -> . pidentifier LEFT_BRACKET NUM RIGHT_BRACKET

    NUM             shift and go to state 29
    pidentifier     shift and go to state 11

    value                          shift and go to state 79
    identifier                     shift and go to state 30

state 63

    (37) condition -> value LEQ . value
    (39) value -> . NUM
    (40) value -> . identifier
    (41) identifier -> . pidentifier
    (42) identifier -> . pidentifier LEFT_BRACKET pidentifier RIGHT_BRACKET
    (43) identifier -> . pidentifier LEFT_BRACKET NUM RIGHT_BRACKET

    NUM             shift and go to state 29
    pidentifier     shift and go to state 11

    value                          shift and go to state 80
    identifier                     shift and go to state 30

state 64

    (38) condition -> value GEQ . value
    (39) value -> . NUM
    (40) value -> . identifier
    (41) identifier -> . pidentifier
    (42) identifier -> . pidentifier LEFT_BRACKET pidentifier RIGHT_BRACKET
    (43) identifier -> . pidentifier LEFT_BRACKET NUM RIGHT_BRACKET

    NUM             shift and go to state 29
    pidentifier     shift and go to state 11

    value                          shift and go to state 81
    identifier                     shift and go to state 30

state 65

    (22) command -> IF if_occured condition THEN . commands ELSE else_occured commands ENDIF
    (24) command -> IF if_occured condition THEN . commands ENDIF
    (7) commands -> . commands command
    (8) commands -> . command
    (9) command -> . READ identifier SEMICOLON
    (10) command -> . identifier ASSIGNMENT expression SEMICOLON
    (11) command -> . FOR for_occured pidentifier get_pidentifier FROM value first_value DOWNTO value second_value DO do_occured commands ENDFOR
    (12) command -> . FOR for_occured pidentifier get_pidentifier FROM value first_value TO value second_value DO do_occured commands ENDFOR
    (18) command -> . REPEAT repeat_occured commands UNTIL condition SEMICOLON
    (20) command -> . WHILE while_occured condition DO commands ENDWHILE
    (22) command -> . IF if_occured condition THEN commands ELSE else_occured commands ENDIF
    (24) command -> . IF if_occured condition THEN commands ENDIF
    (26) command -> . WRITE value SEMICOLON
    (41) identifier -> . pidentifier
    (42) identifier -> . pidentifier LEFT_BRACKET pidentifier RIGHT_BRACKET
    (43) identifier -> . pidentifier LEFT_BRACKET NUM RIGHT_BRACKET

    READ            shift and go to state 8
    FOR             shift and go to state 10
    REPEAT          shift and go to state 12
    WHILE           shift and go to state 13
    IF              shift and go to state 14
    WRITE           shift and go to state 15
    pidentifier     shift and go to state 11

    commands                       shift and go to state 82
    command                        shift and go to state 7
    identifier                     shift and go to state 9

state 66

    (4) declarations -> declarations COMMA pidentifier LEFT_BRACKET NUM . COLON NUM RIGHT_BRACKET

    COLON           shift and go to state 83


state 67

    (6) declarations -> pidentifier LEFT_BRACKET NUM COLON NUM . RIGHT_BRACKET

    RIGHT_BRACKET   shift and go to state 84


state 68

    (28) expression -> value ADD value .

    SEMICOLON       reduce using rule 28 (expression -> value ADD value .)


state 69

    (29) expression -> value SUB value .

    SEMICOLON       reduce using rule 29 (expression -> value SUB value .)


state 70

    (30) expression -> value MUL value .

    SEMICOLON       reduce using rule 30 (expression -> value MUL value .)


state 71

    (31) expression -> value DIV value .

    SEMICOLON       reduce using rule 31 (expression -> value DIV value .)


state 72

    (32) expression -> value MOD value .

    SEMICOLON       reduce using rule 32 (expression -> value MOD value .)


state 73

    (11) command -> FOR for_occured pidentifier get_pidentifier FROM . value first_value DOWNTO value second_value DO do_occured commands ENDFOR
    (12) command -> FOR for_occured pidentifier get_pidentifier FROM . value first_value TO value second_value DO do_occured commands ENDFOR
    (39) value -> . NUM
    (40) value -> . identifier
    (41) identifier -> . pidentifier
    (42) identifier -> . pidentifier LEFT_BRACKET pidentifier RIGHT_BRACKET
    (43) identifier -> . pidentifier LEFT_BRACKET NUM RIGHT_BRACKET

    NUM             shift and go to state 29
    pidentifier     shift and go to state 11

    value                          shift and go to state 85
    identifier                     shift and go to state 30

state 74

    (18) command -> REPEAT repeat_occured commands UNTIL condition . SEMICOLON

    SEMICOLON       shift and go to state 86


state 75

    (20) command -> WHILE while_occured condition DO commands . ENDWHILE
    (7) commands -> commands . command
    (9) command -> . READ identifier SEMICOLON
    (10) command -> . identifier ASSIGNMENT expression SEMICOLON
    (11) command -> . FOR for_occured pidentifier get_pidentifier FROM value first_value DOWNTO value second_value DO do_occured commands ENDFOR
    (12) command -> . FOR for_occured pidentifier get_pidentifier FROM value first_value TO value second_value DO do_occured commands ENDFOR
    (18) command -> . REPEAT repeat_occured commands UNTIL condition SEMICOLON
    (20) command -> . WHILE while_occured condition DO commands ENDWHILE
    (22) command -> . IF if_occured condition THEN commands ELSE else_occured commands ENDIF
    (24) command -> . IF if_occured condition THEN commands ENDIF
    (26) command -> . WRITE value SEMICOLON
    (41) identifier -> . pidentifier
    (42) identifier -> . pidentifier LEFT_BRACKET pidentifier RIGHT_BRACKET
    (43) identifier -> . pidentifier LEFT_BRACKET NUM RIGHT_BRACKET

    ENDWHILE        shift and go to state 87
    READ            shift and go to state 8
    FOR             shift and go to state 10
    REPEAT          shift and go to state 12
    WHILE           shift and go to state 13
    IF              shift and go to state 14
    WRITE           shift and go to state 15
    pidentifier     shift and go to state 11

    command                        shift and go to state 20
    identifier                     shift and go to state 9

state 76

    (33) condition -> value EQUALS value .

    DO              reduce using rule 33 (condition -> value EQUALS value .)
    THEN            reduce using rule 33 (condition -> value EQUALS value .)
    SEMICOLON       reduce using rule 33 (condition -> value EQUALS value .)


state 77

    (34) condition -> value NOT_EQUALS value .

    DO              reduce using rule 34 (condition -> value NOT_EQUALS value .)
    THEN            reduce using rule 34 (condition -> value NOT_EQUALS value .)
    SEMICOLON       reduce using rule 34 (condition -> value NOT_EQUALS value .)


state 78

    (35) condition -> value LOWER value .

    DO              reduce using rule 35 (condition -> value LOWER value .)
    THEN            reduce using rule 35 (condition -> value LOWER value .)
    SEMICOLON       reduce using rule 35 (condition -> value LOWER value .)


state 79

    (36) condition -> value GREATER value .

    DO              reduce using rule 36 (condition -> value GREATER value .)
    THEN            reduce using rule 36 (condition -> value GREATER value .)
    SEMICOLON       reduce using rule 36 (condition -> value GREATER value .)


state 80

    (37) condition -> value LEQ value .

    DO              reduce using rule 37 (condition -> value LEQ value .)
    THEN            reduce using rule 37 (condition -> value LEQ value .)
    SEMICOLON       reduce using rule 37 (condition -> value LEQ value .)


state 81

    (38) condition -> value GEQ value .

    DO              reduce using rule 38 (condition -> value GEQ value .)
    THEN            reduce using rule 38 (condition -> value GEQ value .)
    SEMICOLON       reduce using rule 38 (condition -> value GEQ value .)


state 82

    (22) command -> IF if_occured condition THEN commands . ELSE else_occured commands ENDIF
    (24) command -> IF if_occured condition THEN commands . ENDIF
    (7) commands -> commands . command
    (9) command -> . READ identifier SEMICOLON
    (10) command -> . identifier ASSIGNMENT expression SEMICOLON
    (11) command -> . FOR for_occured pidentifier get_pidentifier FROM value first_value DOWNTO value second_value DO do_occured commands ENDFOR
    (12) command -> . FOR for_occured pidentifier get_pidentifier FROM value first_value TO value second_value DO do_occured commands ENDFOR
    (18) command -> . REPEAT repeat_occured commands UNTIL condition SEMICOLON
    (20) command -> . WHILE while_occured condition DO commands ENDWHILE
    (22) command -> . IF if_occured condition THEN commands ELSE else_occured commands ENDIF
    (24) command -> . IF if_occured condition THEN commands ENDIF
    (26) command -> . WRITE value SEMICOLON
    (41) identifier -> . pidentifier
    (42) identifier -> . pidentifier LEFT_BRACKET pidentifier RIGHT_BRACKET
    (43) identifier -> . pidentifier LEFT_BRACKET NUM RIGHT_BRACKET

    ELSE            shift and go to state 88
    ENDIF           shift and go to state 89
    READ            shift and go to state 8
    FOR             shift and go to state 10
    REPEAT          shift and go to state 12
    WHILE           shift and go to state 13
    IF              shift and go to state 14
    WRITE           shift and go to state 15
    pidentifier     shift and go to state 11

    command                        shift and go to state 20
    identifier                     shift and go to state 9

state 83

    (4) declarations -> declarations COMMA pidentifier LEFT_BRACKET NUM COLON . NUM RIGHT_BRACKET

    NUM             shift and go to state 90


state 84

    (6) declarations -> pidentifier LEFT_BRACKET NUM COLON NUM RIGHT_BRACKET .

    BEGIN           reduce using rule 6 (declarations -> pidentifier LEFT_BRACKET NUM COLON NUM RIGHT_BRACKET .)
    COMMA           reduce using rule 6 (declarations -> pidentifier LEFT_BRACKET NUM COLON NUM RIGHT_BRACKET .)


state 85

    (11) command -> FOR for_occured pidentifier get_pidentifier FROM value . first_value DOWNTO value second_value DO do_occured commands ENDFOR
    (12) command -> FOR for_occured pidentifier get_pidentifier FROM value . first_value TO value second_value DO do_occured commands ENDFOR
    (13) first_value -> .

    DOWNTO          reduce using rule 13 (first_value -> .)
    TO              reduce using rule 13 (first_value -> .)

    first_value                    shift and go to state 91

state 86

    (18) command -> REPEAT repeat_occured commands UNTIL condition SEMICOLON .

    END             reduce using rule 18 (command -> REPEAT repeat_occured commands UNTIL condition SEMICOLON .)
    READ            reduce using rule 18 (command -> REPEAT repeat_occured commands UNTIL condition SEMICOLON .)
    FOR             reduce using rule 18 (command -> REPEAT repeat_occured commands UNTIL condition SEMICOLON .)
    REPEAT          reduce using rule 18 (command -> REPEAT repeat_occured commands UNTIL condition SEMICOLON .)
    WHILE           reduce using rule 18 (command -> REPEAT repeat_occured commands UNTIL condition SEMICOLON .)
    IF              reduce using rule 18 (command -> REPEAT repeat_occured commands UNTIL condition SEMICOLON .)
    WRITE           reduce using rule 18 (command -> REPEAT repeat_occured commands UNTIL condition SEMICOLON .)
    pidentifier     reduce using rule 18 (command -> REPEAT repeat_occured commands UNTIL condition SEMICOLON .)
    UNTIL           reduce using rule 18 (command -> REPEAT repeat_occured commands UNTIL condition SEMICOLON .)
    ENDWHILE        reduce using rule 18 (command -> REPEAT repeat_occured commands UNTIL condition SEMICOLON .)
    ELSE            reduce using rule 18 (command -> REPEAT repeat_occured commands UNTIL condition SEMICOLON .)
    ENDIF           reduce using rule 18 (command -> REPEAT repeat_occured commands UNTIL condition SEMICOLON .)
    ENDFOR          reduce using rule 18 (command -> REPEAT repeat_occured commands UNTIL condition SEMICOLON .)


state 87

    (20) command -> WHILE while_occured condition DO commands ENDWHILE .

    END             reduce using rule 20 (command -> WHILE while_occured condition DO commands ENDWHILE .)
    READ            reduce using rule 20 (command -> WHILE while_occured condition DO commands ENDWHILE .)
    FOR             reduce using rule 20 (command -> WHILE while_occured condition DO commands ENDWHILE .)
    REPEAT          reduce using rule 20 (command -> WHILE while_occured condition DO commands ENDWHILE .)
    WHILE           reduce using rule 20 (command -> WHILE while_occured condition DO commands ENDWHILE .)
    IF              reduce using rule 20 (command -> WHILE while_occured condition DO commands ENDWHILE .)
    WRITE           reduce using rule 20 (command -> WHILE while_occured condition DO commands ENDWHILE .)
    pidentifier     reduce using rule 20 (command -> WHILE while_occured condition DO commands ENDWHILE .)
    UNTIL           reduce using rule 20 (command -> WHILE while_occured condition DO commands ENDWHILE .)
    ENDWHILE        reduce using rule 20 (command -> WHILE while_occured condition DO commands ENDWHILE .)
    ELSE            reduce using rule 20 (command -> WHILE while_occured condition DO commands ENDWHILE .)
    ENDIF           reduce using rule 20 (command -> WHILE while_occured condition DO commands ENDWHILE .)
    ENDFOR          reduce using rule 20 (command -> WHILE while_occured condition DO commands ENDWHILE .)


state 88

    (22) command -> IF if_occured condition THEN commands ELSE . else_occured commands ENDIF
    (23) else_occured -> .

    READ            reduce using rule 23 (else_occured -> .)
    FOR             reduce using rule 23 (else_occured -> .)
    REPEAT          reduce using rule 23 (else_occured -> .)
    WHILE           reduce using rule 23 (else_occured -> .)
    IF              reduce using rule 23 (else_occured -> .)
    WRITE           reduce using rule 23 (else_occured -> .)
    pidentifier     reduce using rule 23 (else_occured -> .)

    else_occured                   shift and go to state 92

state 89

    (24) command -> IF if_occured condition THEN commands ENDIF .

    END             reduce using rule 24 (command -> IF if_occured condition THEN commands ENDIF .)
    READ            reduce using rule 24 (command -> IF if_occured condition THEN commands ENDIF .)
    FOR             reduce using rule 24 (command -> IF if_occured condition THEN commands ENDIF .)
    REPEAT          reduce using rule 24 (command -> IF if_occured condition THEN commands ENDIF .)
    WHILE           reduce using rule 24 (command -> IF if_occured condition THEN commands ENDIF .)
    IF              reduce using rule 24 (command -> IF if_occured condition THEN commands ENDIF .)
    WRITE           reduce using rule 24 (command -> IF if_occured condition THEN commands ENDIF .)
    pidentifier     reduce using rule 24 (command -> IF if_occured condition THEN commands ENDIF .)
    UNTIL           reduce using rule 24 (command -> IF if_occured condition THEN commands ENDIF .)
    ENDWHILE        reduce using rule 24 (command -> IF if_occured condition THEN commands ENDIF .)
    ELSE            reduce using rule 24 (command -> IF if_occured condition THEN commands ENDIF .)
    ENDIF           reduce using rule 24 (command -> IF if_occured condition THEN commands ENDIF .)
    ENDFOR          reduce using rule 24 (command -> IF if_occured condition THEN commands ENDIF .)


state 90

    (4) declarations -> declarations COMMA pidentifier LEFT_BRACKET NUM COLON NUM . RIGHT_BRACKET

    RIGHT_BRACKET   shift and go to state 93


state 91

    (11) command -> FOR for_occured pidentifier get_pidentifier FROM value first_value . DOWNTO value second_value DO do_occured commands ENDFOR
    (12) command -> FOR for_occured pidentifier get_pidentifier FROM value first_value . TO value second_value DO do_occured commands ENDFOR

    DOWNTO          shift and go to state 94
    TO              shift and go to state 95


state 92

    (22) command -> IF if_occured condition THEN commands ELSE else_occured . commands ENDIF
    (7) commands -> . commands command
    (8) commands -> . command
    (9) command -> . READ identifier SEMICOLON
    (10) command -> . identifier ASSIGNMENT expression SEMICOLON
    (11) command -> . FOR for_occured pidentifier get_pidentifier FROM value first_value DOWNTO value second_value DO do_occured commands ENDFOR
    (12) command -> . FOR for_occured pidentifier get_pidentifier FROM value first_value TO value second_value DO do_occured commands ENDFOR
    (18) command -> . REPEAT repeat_occured commands UNTIL condition SEMICOLON
    (20) command -> . WHILE while_occured condition DO commands ENDWHILE
    (22) command -> . IF if_occured condition THEN commands ELSE else_occured commands ENDIF
    (24) command -> . IF if_occured condition THEN commands ENDIF
    (26) command -> . WRITE value SEMICOLON
    (41) identifier -> . pidentifier
    (42) identifier -> . pidentifier LEFT_BRACKET pidentifier RIGHT_BRACKET
    (43) identifier -> . pidentifier LEFT_BRACKET NUM RIGHT_BRACKET

    READ            shift and go to state 8
    FOR             shift and go to state 10
    REPEAT          shift and go to state 12
    WHILE           shift and go to state 13
    IF              shift and go to state 14
    WRITE           shift and go to state 15
    pidentifier     shift and go to state 11

    commands                       shift and go to state 96
    command                        shift and go to state 7
    identifier                     shift and go to state 9

state 93

    (4) declarations -> declarations COMMA pidentifier LEFT_BRACKET NUM COLON NUM RIGHT_BRACKET .

    BEGIN           reduce using rule 4 (declarations -> declarations COMMA pidentifier LEFT_BRACKET NUM COLON NUM RIGHT_BRACKET .)
    COMMA           reduce using rule 4 (declarations -> declarations COMMA pidentifier LEFT_BRACKET NUM COLON NUM RIGHT_BRACKET .)


state 94

    (11) command -> FOR for_occured pidentifier get_pidentifier FROM value first_value DOWNTO . value second_value DO do_occured commands ENDFOR
    (39) value -> . NUM
    (40) value -> . identifier
    (41) identifier -> . pidentifier
    (42) identifier -> . pidentifier LEFT_BRACKET pidentifier RIGHT_BRACKET
    (43) identifier -> . pidentifier LEFT_BRACKET NUM RIGHT_BRACKET

    NUM             shift and go to state 29
    pidentifier     shift and go to state 11

    value                          shift and go to state 97
    identifier                     shift and go to state 30

state 95

    (12) command -> FOR for_occured pidentifier get_pidentifier FROM value first_value TO . value second_value DO do_occured commands ENDFOR
    (39) value -> . NUM
    (40) value -> . identifier
    (41) identifier -> . pidentifier
    (42) identifier -> . pidentifier LEFT_BRACKET pidentifier RIGHT_BRACKET
    (43) identifier -> . pidentifier LEFT_BRACKET NUM RIGHT_BRACKET

    NUM             shift and go to state 29
    pidentifier     shift and go to state 11

    value                          shift and go to state 98
    identifier                     shift and go to state 30

state 96

    (22) command -> IF if_occured condition THEN commands ELSE else_occured commands . ENDIF
    (7) commands -> commands . command
    (9) command -> . READ identifier SEMICOLON
    (10) command -> . identifier ASSIGNMENT expression SEMICOLON
    (11) command -> . FOR for_occured pidentifier get_pidentifier FROM value first_value DOWNTO value second_value DO do_occured commands ENDFOR
    (12) command -> . FOR for_occured pidentifier get_pidentifier FROM value first_value TO value second_value DO do_occured commands ENDFOR
    (18) command -> . REPEAT repeat_occured commands UNTIL condition SEMICOLON
    (20) command -> . WHILE while_occured condition DO commands ENDWHILE
    (22) command -> . IF if_occured condition THEN commands ELSE else_occured commands ENDIF
    (24) command -> . IF if_occured condition THEN commands ENDIF
    (26) command -> . WRITE value SEMICOLON
    (41) identifier -> . pidentifier
    (42) identifier -> . pidentifier LEFT_BRACKET pidentifier RIGHT_BRACKET
    (43) identifier -> . pidentifier LEFT_BRACKET NUM RIGHT_BRACKET

    ENDIF           shift and go to state 99
    READ            shift and go to state 8
    FOR             shift and go to state 10
    REPEAT          shift and go to state 12
    WHILE           shift and go to state 13
    IF              shift and go to state 14
    WRITE           shift and go to state 15
    pidentifier     shift and go to state 11

    command                        shift and go to state 20
    identifier                     shift and go to state 9

state 97

    (11) command -> FOR for_occured pidentifier get_pidentifier FROM value first_value DOWNTO value . second_value DO do_occured commands ENDFOR
    (14) second_value -> .

    DO              reduce using rule 14 (second_value -> .)

    second_value                   shift and go to state 100

state 98

    (12) command -> FOR for_occured pidentifier get_pidentifier FROM value first_value TO value . second_value DO do_occured commands ENDFOR
    (14) second_value -> .

    DO              reduce using rule 14 (second_value -> .)

    second_value                   shift and go to state 101

state 99

    (22) command -> IF if_occured condition THEN commands ELSE else_occured commands ENDIF .

    END             reduce using rule 22 (command -> IF if_occured condition THEN commands ELSE else_occured commands ENDIF .)
    READ            reduce using rule 22 (command -> IF if_occured condition THEN commands ELSE else_occured commands ENDIF .)
    FOR             reduce using rule 22 (command -> IF if_occured condition THEN commands ELSE else_occured commands ENDIF .)
    REPEAT          reduce using rule 22 (command -> IF if_occured condition THEN commands ELSE else_occured commands ENDIF .)
    WHILE           reduce using rule 22 (command -> IF if_occured condition THEN commands ELSE else_occured commands ENDIF .)
    IF              reduce using rule 22 (command -> IF if_occured condition THEN commands ELSE else_occured commands ENDIF .)
    WRITE           reduce using rule 22 (command -> IF if_occured condition THEN commands ELSE else_occured commands ENDIF .)
    pidentifier     reduce using rule 22 (command -> IF if_occured condition THEN commands ELSE else_occured commands ENDIF .)
    UNTIL           reduce using rule 22 (command -> IF if_occured condition THEN commands ELSE else_occured commands ENDIF .)
    ENDWHILE        reduce using rule 22 (command -> IF if_occured condition THEN commands ELSE else_occured commands ENDIF .)
    ELSE            reduce using rule 22 (command -> IF if_occured condition THEN commands ELSE else_occured commands ENDIF .)
    ENDIF           reduce using rule 22 (command -> IF if_occured condition THEN commands ELSE else_occured commands ENDIF .)
    ENDFOR          reduce using rule 22 (command -> IF if_occured condition THEN commands ELSE else_occured commands ENDIF .)


state 100

    (11) command -> FOR for_occured pidentifier get_pidentifier FROM value first_value DOWNTO value second_value . DO do_occured commands ENDFOR

    DO              shift and go to state 102


state 101

    (12) command -> FOR for_occured pidentifier get_pidentifier FROM value first_value TO value second_value . DO do_occured commands ENDFOR

    DO              shift and go to state 103


state 102

    (11) command -> FOR for_occured pidentifier get_pidentifier FROM value first_value DOWNTO value second_value DO . do_occured commands ENDFOR
    (16) do_occured -> .

    READ            reduce using rule 16 (do_occured -> .)
    FOR             reduce using rule 16 (do_occured -> .)
    REPEAT          reduce using rule 16 (do_occured -> .)
    WHILE           reduce using rule 16 (do_occured -> .)
    IF              reduce using rule 16 (do_occured -> .)
    WRITE           reduce using rule 16 (do_occured -> .)
    pidentifier     reduce using rule 16 (do_occured -> .)

    do_occured                     shift and go to state 104

state 103

    (12) command -> FOR for_occured pidentifier get_pidentifier FROM value first_value TO value second_value DO . do_occured commands ENDFOR
    (16) do_occured -> .

    READ            reduce using rule 16 (do_occured -> .)
    FOR             reduce using rule 16 (do_occured -> .)
    REPEAT          reduce using rule 16 (do_occured -> .)
    WHILE           reduce using rule 16 (do_occured -> .)
    IF              reduce using rule 16 (do_occured -> .)
    WRITE           reduce using rule 16 (do_occured -> .)
    pidentifier     reduce using rule 16 (do_occured -> .)

    do_occured                     shift and go to state 105

state 104

    (11) command -> FOR for_occured pidentifier get_pidentifier FROM value first_value DOWNTO value second_value DO do_occured . commands ENDFOR
    (7) commands -> . commands command
    (8) commands -> . command
    (9) command -> . READ identifier SEMICOLON
    (10) command -> . identifier ASSIGNMENT expression SEMICOLON
    (11) command -> . FOR for_occured pidentifier get_pidentifier FROM value first_value DOWNTO value second_value DO do_occured commands ENDFOR
    (12) command -> . FOR for_occured pidentifier get_pidentifier FROM value first_value TO value second_value DO do_occured commands ENDFOR
    (18) command -> . REPEAT repeat_occured commands UNTIL condition SEMICOLON
    (20) command -> . WHILE while_occured condition DO commands ENDWHILE
    (22) command -> . IF if_occured condition THEN commands ELSE else_occured commands ENDIF
    (24) command -> . IF if_occured condition THEN commands ENDIF
    (26) command -> . WRITE value SEMICOLON
    (41) identifier -> . pidentifier
    (42) identifier -> . pidentifier LEFT_BRACKET pidentifier RIGHT_BRACKET
    (43) identifier -> . pidentifier LEFT_BRACKET NUM RIGHT_BRACKET

    READ            shift and go to state 8
    FOR             shift and go to state 10
    REPEAT          shift and go to state 12
    WHILE           shift and go to state 13
    IF              shift and go to state 14
    WRITE           shift and go to state 15
    pidentifier     shift and go to state 11

    commands                       shift and go to state 106
    command                        shift and go to state 7
    identifier                     shift and go to state 9

state 105

    (12) command -> FOR for_occured pidentifier get_pidentifier FROM value first_value TO value second_value DO do_occured . commands ENDFOR
    (7) commands -> . commands command
    (8) commands -> . command
    (9) command -> . READ identifier SEMICOLON
    (10) command -> . identifier ASSIGNMENT expression SEMICOLON
    (11) command -> . FOR for_occured pidentifier get_pidentifier FROM value first_value DOWNTO value second_value DO do_occured commands ENDFOR
    (12) command -> . FOR for_occured pidentifier get_pidentifier FROM value first_value TO value second_value DO do_occured commands ENDFOR
    (18) command -> . REPEAT repeat_occured commands UNTIL condition SEMICOLON
    (20) command -> . WHILE while_occured condition DO commands ENDWHILE
    (22) command -> . IF if_occured condition THEN commands ELSE else_occured commands ENDIF
    (24) command -> . IF if_occured condition THEN commands ENDIF
    (26) command -> . WRITE value SEMICOLON
    (41) identifier -> . pidentifier
    (42) identifier -> . pidentifier LEFT_BRACKET pidentifier RIGHT_BRACKET
    (43) identifier -> . pidentifier LEFT_BRACKET NUM RIGHT_BRACKET

    READ            shift and go to state 8
    FOR             shift and go to state 10
    REPEAT          shift and go to state 12
    WHILE           shift and go to state 13
    IF              shift and go to state 14
    WRITE           shift and go to state 15
    pidentifier     shift and go to state 11

    commands                       shift and go to state 107
    command                        shift and go to state 7
    identifier                     shift and go to state 9

state 106

    (11) command -> FOR for_occured pidentifier get_pidentifier FROM value first_value DOWNTO value second_value DO do_occured commands . ENDFOR
    (7) commands -> commands . command
    (9) command -> . READ identifier SEMICOLON
    (10) command -> . identifier ASSIGNMENT expression SEMICOLON
    (11) command -> . FOR for_occured pidentifier get_pidentifier FROM value first_value DOWNTO value second_value DO do_occured commands ENDFOR
    (12) command -> . FOR for_occured pidentifier get_pidentifier FROM value first_value TO value second_value DO do_occured commands ENDFOR
    (18) command -> . REPEAT repeat_occured commands UNTIL condition SEMICOLON
    (20) command -> . WHILE while_occured condition DO commands ENDWHILE
    (22) command -> . IF if_occured condition THEN commands ELSE else_occured commands ENDIF
    (24) command -> . IF if_occured condition THEN commands ENDIF
    (26) command -> . WRITE value SEMICOLON
    (41) identifier -> . pidentifier
    (42) identifier -> . pidentifier LEFT_BRACKET pidentifier RIGHT_BRACKET
    (43) identifier -> . pidentifier LEFT_BRACKET NUM RIGHT_BRACKET

    ENDFOR          shift and go to state 108
    READ            shift and go to state 8
    FOR             shift and go to state 10
    REPEAT          shift and go to state 12
    WHILE           shift and go to state 13
    IF              shift and go to state 14
    WRITE           shift and go to state 15
    pidentifier     shift and go to state 11

    command                        shift and go to state 20
    identifier                     shift and go to state 9

state 107

    (12) command -> FOR for_occured pidentifier get_pidentifier FROM value first_value TO value second_value DO do_occured commands . ENDFOR
    (7) commands -> commands . command
    (9) command -> . READ identifier SEMICOLON
    (10) command -> . identifier ASSIGNMENT expression SEMICOLON
    (11) command -> . FOR for_occured pidentifier get_pidentifier FROM value first_value DOWNTO value second_value DO do_occured commands ENDFOR
    (12) command -> . FOR for_occured pidentifier get_pidentifier FROM value first_value TO value second_value DO do_occured commands ENDFOR
    (18) command -> . REPEAT repeat_occured commands UNTIL condition SEMICOLON
    (20) command -> . WHILE while_occured condition DO commands ENDWHILE
    (22) command -> . IF if_occured condition THEN commands ELSE else_occured commands ENDIF
    (24) command -> . IF if_occured condition THEN commands ENDIF
    (26) command -> . WRITE value SEMICOLON
    (41) identifier -> . pidentifier
    (42) identifier -> . pidentifier LEFT_BRACKET pidentifier RIGHT_BRACKET
    (43) identifier -> . pidentifier LEFT_BRACKET NUM RIGHT_BRACKET

    ENDFOR          shift and go to state 109
    READ            shift and go to state 8
    FOR             shift and go to state 10
    REPEAT          shift and go to state 12
    WHILE           shift and go to state 13
    IF              shift and go to state 14
    WRITE           shift and go to state 15
    pidentifier     shift and go to state 11

    command                        shift and go to state 20
    identifier                     shift and go to state 9

state 108

    (11) command -> FOR for_occured pidentifier get_pidentifier FROM value first_value DOWNTO value second_value DO do_occured commands ENDFOR .

    END             reduce using rule 11 (command -> FOR for_occured pidentifier get_pidentifier FROM value first_value DOWNTO value second_value DO do_occured commands ENDFOR .)
    READ            reduce using rule 11 (command -> FOR for_occured pidentifier get_pidentifier FROM value first_value DOWNTO value second_value DO do_occured commands ENDFOR .)
    FOR             reduce using rule 11 (command -> FOR for_occured pidentifier get_pidentifier FROM value first_value DOWNTO value second_value DO do_occured commands ENDFOR .)
    REPEAT          reduce using rule 11 (command -> FOR for_occured pidentifier get_pidentifier FROM value first_value DOWNTO value second_value DO do_occured commands ENDFOR .)
    WHILE           reduce using rule 11 (command -> FOR for_occured pidentifier get_pidentifier FROM value first_value DOWNTO value second_value DO do_occured commands ENDFOR .)
    IF              reduce using rule 11 (command -> FOR for_occured pidentifier get_pidentifier FROM value first_value DOWNTO value second_value DO do_occured commands ENDFOR .)
    WRITE           reduce using rule 11 (command -> FOR for_occured pidentifier get_pidentifier FROM value first_value DOWNTO value second_value DO do_occured commands ENDFOR .)
    pidentifier     reduce using rule 11 (command -> FOR for_occured pidentifier get_pidentifier FROM value first_value DOWNTO value second_value DO do_occured commands ENDFOR .)
    UNTIL           reduce using rule 11 (command -> FOR for_occured pidentifier get_pidentifier FROM value first_value DOWNTO value second_value DO do_occured commands ENDFOR .)
    ENDWHILE        reduce using rule 11 (command -> FOR for_occured pidentifier get_pidentifier FROM value first_value DOWNTO value second_value DO do_occured commands ENDFOR .)
    ELSE            reduce using rule 11 (command -> FOR for_occured pidentifier get_pidentifier FROM value first_value DOWNTO value second_value DO do_occured commands ENDFOR .)
    ENDIF           reduce using rule 11 (command -> FOR for_occured pidentifier get_pidentifier FROM value first_value DOWNTO value second_value DO do_occured commands ENDFOR .)
    ENDFOR          reduce using rule 11 (command -> FOR for_occured pidentifier get_pidentifier FROM value first_value DOWNTO value second_value DO do_occured commands ENDFOR .)


state 109

    (12) command -> FOR for_occured pidentifier get_pidentifier FROM value first_value TO value second_value DO do_occured commands ENDFOR .

    END             reduce using rule 12 (command -> FOR for_occured pidentifier get_pidentifier FROM value first_value TO value second_value DO do_occured commands ENDFOR .)
    READ            reduce using rule 12 (command -> FOR for_occured pidentifier get_pidentifier FROM value first_value TO value second_value DO do_occured commands ENDFOR .)
    FOR             reduce using rule 12 (command -> FOR for_occured pidentifier get_pidentifier FROM value first_value TO value second_value DO do_occured commands ENDFOR .)
    REPEAT          reduce using rule 12 (command -> FOR for_occured pidentifier get_pidentifier FROM value first_value TO value second_value DO do_occured commands ENDFOR .)
    WHILE           reduce using rule 12 (command -> FOR for_occured pidentifier get_pidentifier FROM value first_value TO value second_value DO do_occured commands ENDFOR .)
    IF              reduce using rule 12 (command -> FOR for_occured pidentifier get_pidentifier FROM value first_value TO value second_value DO do_occured commands ENDFOR .)
    WRITE           reduce using rule 12 (command -> FOR for_occured pidentifier get_pidentifier FROM value first_value TO value second_value DO do_occured commands ENDFOR .)
    pidentifier     reduce using rule 12 (command -> FOR for_occured pidentifier get_pidentifier FROM value first_value TO value second_value DO do_occured commands ENDFOR .)
    UNTIL           reduce using rule 12 (command -> FOR for_occured pidentifier get_pidentifier FROM value first_value TO value second_value DO do_occured commands ENDFOR .)
    ENDWHILE        reduce using rule 12 (command -> FOR for_occured pidentifier get_pidentifier FROM value first_value TO value second_value DO do_occured commands ENDFOR .)
    ELSE            reduce using rule 12 (command -> FOR for_occured pidentifier get_pidentifier FROM value first_value TO value second_value DO do_occured commands ENDFOR .)
    ENDIF           reduce using rule 12 (command -> FOR for_occured pidentifier get_pidentifier FROM value first_value TO value second_value DO do_occured commands ENDFOR .)
    ENDFOR          reduce using rule 12 (command -> FOR for_occured pidentifier get_pidentifier FROM value first_value TO value second_value DO do_occured commands ENDFOR .)

